<?xml version="1.0" encoding="UTF-8"?>
<!-- Generated by org.testng.reporters.JUnitXMLReporter -->
<testsuite hostname="DESKTOP-QNHJ5Q7" name="Default test" tests="3" failures="0" timestamp="31 Oct 2022 10:23:20 GMT" time="18.771" errors="0">
  <testcase name="TC_01_verifyLoginFeatureWithValid" time="3.561" classname="pages_POM.LoginTest"/>
  <testcase name="verifyAppLicationTitle" time="0.016" classname="pages_POM.LoginTest"/>
  <testcase name="verifyLogout" time="1.27" classname="pages_POM.LoginTest"/>
</testsuite> <!-- Default test -->
