<?xml version="1.0" encoding="UTF-8"?>
<!-- Generated by org.testng.reporters.JUnitXMLReporter -->
<testsuite hostname="DESKTOP-QNHJ5Q7" ignored="0" name="Test" tests="3" failures="0" timestamp="02 Nov 2022 10:49:00 GMT" time="43.061" errors="0">
  <testcase name="verifyLoginWithInValidUser" time="11.467" classname="dataProviderExample.NOPComLogin"/>
  <testcase name="verifyLoginWithInValidUser" time="10.934" classname="dataProviderExample.NOPComLogin"/>
  <testcase name="verifyLoginWithInValidUser" time="10.829" classname="dataProviderExample.NOPComLogin"/>
</testsuite> <!-- Test -->
