<?xml version="1.0" encoding="UTF-8"?>
<testsuite xmlns:xsi="http://www.w3.org/2001/XMLSchema-instance" xsi:noNamespaceSchemaLocation="https://maven.apache.org/surefire/maven-surefire-plugin/xsd/surefire-test-report-3.0.xsd" version="3.0" name="TestSuite" time="43.567" tests="3" errors="0" skipped="0" failures="0">
  <properties>
[...]
</properties>
  <testcase name="verifyLoginWithInValidUser[prem@yahoomail.com, demo@123](1)" classname="dataProviderExample.NOPComLogin" time="11.422">
    <system-out><![CDATA[ INFO [main] (BaseTest.java:37)- launching chrome browser.
 INFO [main] (NOPComLogin.java:16)- clear userName field.
 INFO [main] (NOPComLogin.java:20)- enter value into userName field: prem@yahoomail.com
 INFO [main] (NOPComLogin.java:26)- clear password field.
 INFO [main] (NOPComLogin.java:30)- enter value into password field: demo@123
 INFO [main] (NOPComLogin.java:36)- click on checkbox RememberMe.
 INFO [main] (NOPComLogin.java:42)- click on login Button
 INFO [main] (NOPComLogin.java:50)- Validation of error message for invalid user details
]]></system-out>
    <system-err><![CDATA[SLF4J: Failed to load class "org.slf4j.impl.StaticLoggerBinder".
SLF4J: Defaulting to no-operation (NOP) logger implementation
SLF4J: See http://www.slf4j.org/codes.html#StaticLoggerBinder for further details.
Starting ChromeDriver 106.0.5249.61 (511755355844955cd3e264779baf0dd38212a4d0-refs/branch-heads/5249@{#569}) on port 43046
Only local connections are allowed.
Please see https://chromedriver.chromium.org/security-considerations for suggestions on keeping ChromeDriver safe.
ChromeDriver was started successfully.
Nov 02, 2022 3:48:19 AM org.openqa.selenium.remote.ProtocolHandshake createSession
INFO: Detected dialect: W3C
]]></system-err>
  </testcase>
  <testcase name="verifyLoginWithInValidUser[Rupam@google.com, demo@123](2)" classname="dataProviderExample.NOPComLogin" time="10.932">
    <system-out><![CDATA[ INFO [main] (NOPComLogin.java:16)- clear userName field.
 INFO [main] (NOPComLogin.java:20)- enter value into userName field: Rupam@google.com
 INFO [main] (NOPComLogin.java:26)- clear password field.
 INFO [main] (NOPComLogin.java:30)- enter value into password field: demo@123
 INFO [main] (NOPComLogin.java:36)- click on checkbox RememberMe.
 INFO [main] (NOPComLogin.java:42)- click on login Button
 INFO [main] (NOPComLogin.java:50)- Validation of error message for invalid user details
]]></system-out>
  </testcase>
  <testcase name="verifyLoginWithInValidUser[shivani@gmail.com, password@123](3)" classname="dataProviderExample.NOPComLogin" time="10.829">
    <system-out><![CDATA[ INFO [main] (NOPComLogin.java:16)- clear userName field.
 INFO [main] (NOPComLogin.java:20)- enter value into userName field: shivani@gmail.com
 INFO [main] (NOPComLogin.java:26)- clear password field.
 INFO [main] (NOPComLogin.java:30)- enter value into password field: password@123
 INFO [main] (NOPComLogin.java:36)- click on checkbox RememberMe.
 INFO [main] (NOPComLogin.java:42)- click on login Button
 INFO [main] (NOPComLogin.java:50)- Validation of error message for invalid user details
]]></system-out>
  </testcase>
</testsuite>