<?xml version="1.0" encoding="UTF-8"?>
<testng-results skipped="0" failed="0" total="3" passed="3">
  <reporter-output>
  </reporter-output>
  <suite name="Default suite" duration-ms="18771" started-at="2022-10-31T10:23:01Z" finished-at="2022-10-31T10:23:20Z">
    <groups>
    </groups>
    <test name="Default test" duration-ms="18771" started-at="2022-10-31T10:23:01Z" finished-at="2022-10-31T10:23:20Z">
      <class name="pages_POM.LoginTest">
        <test-method status="PASS" signature="launchApp()[pri:0, instance:pages_POM.LoginTest@58ceff1]" name="launchApp" is-config="true" duration-ms="8585" started-at="2022-10-31T03:23:01Z" finished-at="2022-10-31T03:23:10Z">
          <reporter-output>
          </reporter-output>
        </test-method> <!-- launchApp -->
        <test-method status="PASS" signature="TC_01_verifyLoginFeatureWithValid()[pri:1, instance:pages_POM.LoginTest@58ceff1]" name="TC_01_verifyLoginFeatureWithValid" duration-ms="3561" started-at="2022-10-31T03:23:10Z" finished-at="2022-10-31T03:23:13Z">
          <reporter-output>
          </reporter-output>
        </test-method> <!-- TC_01_verifyLoginFeatureWithValid -->
        <test-method status="PASS" signature="verifyAppLicationTitle()[pri:2, instance:pages_POM.LoginTest@58ceff1]" name="verifyAppLicationTitle" duration-ms="16" started-at="2022-10-31T03:23:13Z" finished-at="2022-10-31T03:23:13Z">
          <reporter-output>
          </reporter-output>
        </test-method> <!-- verifyAppLicationTitle -->
        <test-method status="PASS" signature="verifyLogout()[pri:3, instance:pages_POM.LoginTest@58ceff1]" name="verifyLogout" duration-ms="1270" started-at="2022-10-31T03:23:13Z" finished-at="2022-10-31T03:23:14Z">
          <reporter-output>
          </reporter-output>
        </test-method> <!-- verifyLogout -->
        <test-method status="PASS" signature="closingApp()[pri:0, instance:pages_POM.LoginTest@58ceff1]" name="closingApp" is-config="true" duration-ms="5329" started-at="2022-10-31T03:23:14Z" finished-at="2022-10-31T03:23:20Z">
          <reporter-output>
          </reporter-output>
        </test-method> <!-- closingApp -->
      </class> <!-- pages_POM.LoginTest -->
    </test> <!-- Default test -->
  </suite> <!-- Default suite -->
</testng-results>
